2026-07-24 02:17:50,584 - ERROR - Failed to call users service: [Errno -2] Name or service not known
2026-07-24 02:17:54,021 - ERROR - Failed to call users service: [Errno -2] Name or service not known
2026-07-24 02:17:57,863 - ERROR - Failed to call users service: [Errno -2] Name or service not known
2026-07-24 02:18:02,159 - ERROR - Failed to call users service: [Errno -2] Name or service not known
2026-07-24 02:18:05,922 - ERROR - Failed to call users service: [Errno -2] Name or service not known
2026-07-24 02:28:32,602 - INFO - Task created: 'Test Task' by user_id=1
2026-07-24 02:28:32,884 - INFO - Task created: 'Task 1' by user_id=1
2026-07-24 02:28:33,444 - INFO - Task created: 'Task' by user_id=1
2026-07-24 02:28:33,750 - INFO - Task created: 'Private Task' by user_id=1
2026-07-24 02:28:34,078 - INFO - Task created: 'To Delete' by user_id=1
2026-07-24 02:28:34,181 - INFO - Task 1 deleted by user_id=1
2026-07-24 02:28:34,320 - INFO - Task created: 'Private Task' by user_id=1
2026-07-24 02:28:34,595 - INFO - Task created: 'Old Title' by user_id=1
2026-07-24 02:28:34,771 - INFO - Task 1 updated by user_id=1: {'title': 'New Title', 'description': 'new desc', 'assigned_to': [2]}
2026-07-24 02:28:35,500 - INFO - Task created: 'Private Task' by user_id=1
2026-07-24 02:28:36,087 - INFO - Task created: 'Shared Task' by user_id=1
2026-07-24 02:28:36,796 - INFO - Task created: 'Shareable Task' by user_id=1
2026-07-24 02:28:37,042 - INFO - Task 1 shared with shared@example.com by user_id=1
2026-07-24 02:28:37,509 - INFO - Task created: 'Unshare Task' by user_id=1
2026-07-24 02:28:37,710 - INFO - Task 1 shared with shared@example.com by user_id=1
2026-07-24 02:28:38,272 - INFO - Task created: 'Task' by user_id=1
2026-07-24 02:28:38,547 - INFO - Task created: 'Task with shares' by user_id=1
2026-07-24 02:28:38,769 - INFO - Task 1 shared with shared@example.com by user_id=1
2026-07-24 02:29:19,546 - INFO - Task created: 'Test Task' by user_id=1
2026-07-24 02:29:19,708 - INFO - Task created: 'Task 1' by user_id=1
2026-07-24 02:29:20,103 - INFO - Task created: 'Task' by user_id=1
2026-07-24 02:29:20,373 - INFO - Task created: 'Private Task' by user_id=1
2026-07-24 02:29:20,634 - INFO - Task created: 'To Delete' by user_id=1
2026-07-24 02:29:20,727 - INFO - Task 1 deleted by user_id=1
2026-07-24 02:29:20,853 - INFO - Task created: 'Private Task' by user_id=1
2026-07-24 02:29:21,042 - INFO - Task created: 'Old Title' by user_id=1
2026-07-24 02:29:21,147 - INFO - Task 1 updated by user_id=1: {'title': 'New Title', 'description': 'new desc', 'assigned_to': [2]}
2026-07-24 02:29:21,449 - INFO - Task created: 'Private Task' by user_id=1
2026-07-24 02:29:21,748 - INFO - Task created: 'Shared Task' by user_id=1
2026-07-24 02:29:22,043 - INFO - Task created: 'Shareable Task' by user_id=1
2026-07-24 02:29:22,216 - INFO - Task 1 shared with shared@example.com by user_id=1
2026-07-24 02:29:22,570 - INFO - Task created: 'Unshare Task' by user_id=1
2026-07-24 02:29:22,761 - INFO - Task 1 shared with shared@example.com by user_id=1
2026-07-24 02:29:23,264 - INFO - Task created: 'Task' by user_id=1
2026-07-24 02:29:23,520 - INFO - Task created: 'Task with shares' by user_id=1
2026-07-24 02:29:23,713 - INFO - Task 1 shared with shared@example.com by user_id=1
2026-07-24 02:29:51,587 - INFO - Task created: 'Test Task' by user_id=1
2026-07-24 02:29:51,773 - INFO - Task created: 'Task 1' by user_id=1
2026-07-24 02:29:52,239 - INFO - Task created: 'Task' by user_id=1
2026-07-24 02:29:52,561 - INFO - Task created: 'Private Task' by user_id=1
2026-07-24 02:29:52,940 - INFO - Task created: 'To Delete' by user_id=1
2026-07-24 02:29:53,050 - INFO - Task 1 deleted by user_id=1
2026-07-24 02:29:53,216 - INFO - Task created: 'Private Task' by user_id=1
2026-07-24 02:29:53,428 - INFO - Task created: 'Old Title' by user_id=1
2026-07-24 02:29:53,529 - INFO - Task 1 updated by user_id=1: {'title': 'New Title', 'description': 'new desc', 'assigned_to': [2]}
2026-07-24 02:29:53,847 - INFO - Task created: 'Private Task' by user_id=1
2026-07-24 02:29:54,101 - INFO - Task created: 'Shared Task' by user_id=1
2026-07-24 02:29:54,407 - INFO - Task created: 'Shareable Task' by user_id=1
2026-07-24 02:29:54,622 - INFO - Task 1 shared with shared@example.com by user_id=1
2026-07-24 02:29:55,484 - INFO - Task created: 'Unshare Task' by user_id=1
2026-07-24 02:29:55,912 - INFO - Task 1 shared with shared@example.com by user_id=1
2026-07-24 02:29:56,296 - INFO - Task 1 unshared from shared@example.com by user_id=1
2026-07-24 02:29:56,703 - INFO - Task created: 'Task' by user_id=1
2026-07-24 02:29:56,923 - INFO - Task created: 'Task with shares' by user_id=1
2026-07-24 02:29:57,140 - INFO - Task 1 shared with shared@example.com by user_id=1
2026-07-24 02:33:56,236 - INFO - Task created: 'Test Task' by user_id=1
2026-07-24 02:33:56,419 - INFO - Task created: 'Task 1' by user_id=1
2026-07-24 02:33:57,089 - INFO - Task created: 'Task' by user_id=1
2026-07-24 02:33:57,775 - INFO - Task created: 'Private Task' by user_id=1
2026-07-24 02:33:58,436 - INFO - Task created: 'To Delete' by user_id=1
2026-07-24 02:33:58,557 - INFO - Task 1 deleted by user_id=1
2026-07-24 02:33:58,711 - INFO - Task created: 'Private Task' by user_id=1
2026-07-24 02:33:59,011 - INFO - Task created: 'Old Title' by user_id=1
2026-07-24 02:33:59,118 - INFO - Task 1 updated by user_id=1: {'title': 'New Title', 'description': 'new desc', 'assigned_to': [2]}
2026-07-24 02:33:59,575 - INFO - Task created: 'Private Task' by user_id=1
2026-07-24 02:33:59,959 - INFO - Task created: 'Shared Task' by user_id=1
2026-07-24 02:34:00,376 - INFO - Task created: 'Shareable Task' by user_id=1
2026-07-24 02:34:00,630 - INFO - Task 1 shared with shared@example.com by user_id=1
2026-07-24 02:34:01,134 - INFO - Task created: 'Unshare Task' by user_id=1
2026-07-24 02:34:01,289 - INFO - Task 1 shared with shared@example.com by user_id=1
2026-07-24 02:34:01,500 - INFO - Task 1 unshared from shared@example.com by user_id=1
2026-07-24 02:34:01,855 - INFO - Task created: 'Task' by user_id=1
2026-07-24 02:34:02,076 - INFO - Task created: 'Task with shares' by user_id=1
2026-07-24 02:34:02,263 - INFO - Task 1 shared with shared@example.com by user_id=1
2026-07-24 02:41:40,131 - INFO - Task created: 'Test Task' by user_id=1
2026-07-24 02:41:40,314 - INFO - Task created: 'Task 1' by user_id=1
2026-07-24 02:41:40,702 - INFO - Task created: 'Task' by user_id=1
2026-07-24 02:41:40,999 - INFO - Task created: 'Private Task' by user_id=1
2026-07-24 02:41:41,266 - INFO - Task created: 'To Delete' by user_id=1
2026-07-24 02:41:41,375 - INFO - Task 1 deleted by user_id=1
2026-07-24 02:41:41,586 - INFO - Task created: 'Private Task' by user_id=1
2026-07-24 02:41:41,914 - INFO - Task created: 'Old Title' by user_id=1
2026-07-24 02:41:42,017 - INFO - Task 1 updated by user_id=1: {'title': 'New Title', 'description': 'new desc', 'assigned_to': [2]}
2026-07-24 02:41:42,291 - INFO - Task created: 'Private Task' by user_id=1
2026-07-24 02:41:42,494 - INFO - Task created: 'Shared Task' by user_id=1
2026-07-24 02:41:42,783 - INFO - Task created: 'Shareable Task' by user_id=1
2026-07-24 02:41:42,972 - INFO - Task 1 shared with shared@example.com by user_id=1
2026-07-24 02:41:43,415 - INFO - Task created: 'Unshare Task' by user_id=1
2026-07-24 02:41:43,577 - INFO - Task 1 shared with shared@example.com by user_id=1
2026-07-24 02:41:43,755 - INFO - Task 1 unshared from shared@example.com by user_id=1
2026-07-24 02:41:44,066 - INFO - Task created: 'Task' by user_id=1
2026-07-24 02:41:44,315 - INFO - Task created: 'Task with shares' by user_id=1
2026-07-24 02:41:44,495 - INFO - Task 1 shared with shared@example.com by user_id=1
2026-07-24 05:06:10,664 - INFO - Task created: 'Test Task' by user_id=1
2026-07-24 05:06:10,837 - INFO - Task created: 'Task 1' by user_id=1
2026-07-24 05:06:11,216 - INFO - Task created: 'Task' by user_id=1
2026-07-24 05:06:11,487 - INFO - Task created: 'Private Task' by user_id=1
2026-07-24 05:06:11,754 - INFO - Task created: 'To Delete' by user_id=1
2026-07-24 05:06:11,840 - INFO - Task 1 deleted by user_id=1
2026-07-24 05:06:11,958 - INFO - Task created: 'Private Task' by user_id=1
2026-07-24 05:06:12,167 - INFO - Task created: 'Old Title' by user_id=1
2026-07-24 05:06:12,252 - INFO - Task 1 updated by user_id=1: {'title': 'New Title', 'description': 'new desc', 'assigned_to': [2]}
2026-07-24 05:06:12,516 - INFO - Task created: 'Private Task' by user_id=1
2026-07-24 05:06:12,706 - INFO - Task created: 'Shared Task' by user_id=1
2026-07-24 05:06:13,012 - INFO - Task created: 'Shareable Task' by user_id=1
2026-07-24 05:06:13,187 - INFO - Task 1 shared with shared@example.com by user_id=1
2026-07-24 05:06:13,563 - INFO - Task created: 'Unshare Task' by user_id=1
2026-07-24 05:06:13,746 - INFO - Task 1 shared with shared@example.com by user_id=1
2026-07-24 05:06:13,899 - INFO - Task 1 unshared from shared@example.com by user_id=1
2026-07-24 05:06:14,253 - INFO - Task created: 'Task' by user_id=1
2026-07-24 05:06:14,480 - INFO - Task created: 'Task with shares' by user_id=1
2026-07-24 05:06:14,627 - INFO - Task 1 shared with shared@example.com by user_id=1
